{"/Users/Tess/alchemy/career-track/code-challenges/data-structures-and-algorithms/challenges/arrayBinarySearch/array-binary-search.js": {"path":"/Users/Tess/alchemy/career-track/code-challenges/data-structures-and-algorithms/challenges/arrayBinarySearch/array-binary-search.js","statementMap":{"0":{"start":{"line":11,"column":21},"end":{"line":25,"column":1}},"1":{"start":{"line":12,"column":14},"end":{"line":12,"column":15}},"2":{"start":{"line":12,"column":23},"end":{"line":12,"column":37}},"3":{"start":{"line":14,"column":2},"end":{"line":23,"column":3}},"4":{"start":{"line":15,"column":14},"end":{"line":15,"column":43}},"5":{"start":{"line":16,"column":4},"end":{"line":22,"column":5}},"6":{"start":{"line":16,"column":23},"end":{"line":16,"column":52}},"7":{"start":{"line":17,"column":9},"end":{"line":22,"column":5}},"8":{"start":{"line":18,"column":6},"end":{"line":18,"column":22}},"9":{"start":{"line":21,"column":6},"end":{"line":21,"column":20}},"10":{"start":{"line":24,"column":2},"end":{"line":24,"column":12}},"11":{"start":{"line":27,"column":0},"end":{"line":27,"column":34}}},"fnMap":{"0":{"name":"(anonymous_0)","decl":{"start":{"line":11,"column":21},"end":{"line":11,"column":22}},"loc":{"start":{"line":11,"column":33},"end":{"line":25,"column":1}},"line":11}},"branchMap":{"0":{"loc":{"start":{"line":16,"column":4},"end":{"line":22,"column":5}},"type":"if","locations":[{"start":{"line":16,"column":4},"end":{"line":22,"column":5}},{"start":{"line":16,"column":4},"end":{"line":22,"column":5}}],"line":16},"1":{"loc":{"start":{"line":17,"column":9},"end":{"line":22,"column":5}},"type":"if","locations":[{"start":{"line":17,"column":9},"end":{"line":22,"column":5}},{"start":{"line":17,"column":9},"end":{"line":22,"column":5}}],"line":17}},"s":{"0":1,"1":4,"2":4,"3":4,"4":8,"5":8,"6":3,"7":5,"8":4,"9":1,"10":1,"11":1},"f":{"0":4},"b":{"0":[3,5],"1":[4,1]},"_coverageSchema":"43e27e138ebf9cfc5966b082cf9a028302ed4184","hash":"94772392c23be136dab0537b03697945603f9435"}
,"/Users/Tess/alchemy/career-track/code-challenges/data-structures-and-algorithms/challenges/arrayReverse/array-reverse.js": {"path":"/Users/Tess/alchemy/career-track/code-challenges/data-structures-and-algorithms/challenges/arrayReverse/array-reverse.js","statementMap":{"0":{"start":{"line":1,"column":21},"end":{"line":7,"column":1}},"1":{"start":{"line":2,"column":17},"end":{"line":2,"column":19}},"2":{"start":{"line":3,"column":2},"end":{"line":5,"column":3}},"3":{"start":{"line":3,"column":14},"end":{"line":3,"column":15}},"4":{"start":{"line":4,"column":4},"end":{"line":4,"column":46}},"5":{"start":{"line":6,"column":2},"end":{"line":6,"column":18}},"6":{"start":{"line":9,"column":0},"end":{"line":9,"column":34}}},"fnMap":{"0":{"name":"(anonymous_0)","decl":{"start":{"line":1,"column":21},"end":{"line":1,"column":22}},"loc":{"start":{"line":1,"column":30},"end":{"line":7,"column":1}},"line":1}},"branchMap":{},"s":{"0":1,"1":2,"2":2,"3":2,"4":11,"5":2,"6":1},"f":{"0":2},"b":{},"_coverageSchema":"43e27e138ebf9cfc5966b082cf9a028302ed4184","hash":"cac528a98d08a18317db6954c5163521027912bf"}
,"/Users/Tess/alchemy/career-track/code-challenges/data-structures-and-algorithms/challenges/arrayShift/array-shift.js": {"path":"/Users/Tess/alchemy/career-track/code-challenges/data-structures-and-algorithms/challenges/arrayShift/array-shift.js","statementMap":{"0":{"start":{"line":1,"column":25},"end":{"line":17,"column":1}},"1":{"start":{"line":2,"column":22},"end":{"line":2,"column":55}},"2":{"start":{"line":3,"column":15},"end":{"line":3,"column":17}},"3":{"start":{"line":7,"column":2},"end":{"line":9,"column":3}},"4":{"start":{"line":7,"column":14},"end":{"line":7,"column":15}},"5":{"start":{"line":8,"column":4},"end":{"line":8,"column":25}},"6":{"start":{"line":11,"column":2},"end":{"line":11,"column":30}},"7":{"start":{"line":13,"column":2},"end":{"line":15,"column":3}},"8":{"start":{"line":14,"column":4},"end":{"line":14,"column":25}},"9":{"start":{"line":16,"column":2},"end":{"line":16,"column":16}},"10":{"start":{"line":19,"column":0},"end":{"line":19,"column":38}}},"fnMap":{"0":{"name":"(anonymous_0)","decl":{"start":{"line":1,"column":25},"end":{"line":1,"column":26}},"loc":{"start":{"line":1,"column":43},"end":{"line":17,"column":1}},"line":1}},"branchMap":{"0":{"loc":{"start":{"line":13,"column":23},"end":{"line":13,"column":58}},"type":"binary-expr","locations":[{"start":{"line":13,"column":23},"end":{"line":13,"column":38}},{"start":{"line":13,"column":42},"end":{"line":13,"column":58}}],"line":13}},"s":{"0":1,"1":1,"2":1,"3":1,"4":1,"5":2,"6":1,"7":1,"8":0,"9":1,"10":1},"f":{"0":1},"b":{"0":[1,0]},"_coverageSchema":"43e27e138ebf9cfc5966b082cf9a028302ed4184","hash":"603c23a48ab435b93d97ff945f6d8a3595b51d1e"}
,"/Users/Tess/alchemy/career-track/code-challenges/data-structures-and-algorithms/challenges/challenge-04/interview-02.js": {"path":"/Users/Tess/alchemy/career-track/code-challenges/data-structures-and-algorithms/challenges/challenge-04/interview-02.js","statementMap":{"0":{"start":{"line":1,"column":12},"end":{"line":4,"column":1}},"1":{"start":{"line":2,"column":2},"end":{"line":2,"column":22}},"2":{"start":{"line":2,"column":13},"end":{"line":2,"column":22}},"3":{"start":{"line":3,"column":2},"end":{"line":3,"column":33}},"4":{"start":{"line":6,"column":0},"end":{"line":6,"column":25}}},"fnMap":{"0":{"name":"(anonymous_0)","decl":{"start":{"line":1,"column":12},"end":{"line":1,"column":13}},"loc":{"start":{"line":1,"column":17},"end":{"line":4,"column":1}},"line":1}},"branchMap":{"0":{"loc":{"start":{"line":2,"column":2},"end":{"line":2,"column":22}},"type":"if","locations":[{"start":{"line":2,"column":2},"end":{"line":2,"column":22}},{"start":{"line":2,"column":2},"end":{"line":2,"column":22}}],"line":2}},"s":{"0":1,"1":2,"2":2,"3":0,"4":1},"f":{"0":2},"b":{"0":[2,0]},"_coverageSchema":"43e27e138ebf9cfc5966b082cf9a028302ed4184","hash":"b9380411be5afa6a475c256cc3ce9338aea93195"}
,"/Users/Tess/alchemy/career-track/code-challenges/data-structures-and-algorithms/challenges/queueWithStacks/queue-with-stacks.js": {"path":"/Users/Tess/alchemy/career-track/code-challenges/data-structures-and-algorithms/challenges/queueWithStacks/queue-with-stacks.js","statementMap":{"0":{"start":{"line":3,"column":4},"end":{"line":3,"column":23}},"1":{"start":{"line":4,"column":4},"end":{"line":4,"column":21}},"2":{"start":{"line":10,"column":4},"end":{"line":10,"column":20}},"3":{"start":{"line":14,"column":17},"end":{"line":14,"column":42}},"4":{"start":{"line":15,"column":4},"end":{"line":15,"column":20}},"5":{"start":{"line":19,"column":4},"end":{"line":19,"column":30}},"6":{"start":{"line":19,"column":18},"end":{"line":19,"column":30}},"7":{"start":{"line":21,"column":16},"end":{"line":21,"column":24}},"8":{"start":{"line":22,"column":4},"end":{"line":22,"column":24}},"9":{"start":{"line":23,"column":4},"end":{"line":23,"column":15}},"10":{"start":{"line":27,"column":4},"end":{"line":27,"column":30}},"11":{"start":{"line":27,"column":18},"end":{"line":27,"column":30}},"12":{"start":{"line":28,"column":4},"end":{"line":28,"column":26}},"13":{"start":{"line":32,"column":4},"end":{"line":32,"column":21}},"14":{"start":{"line":39,"column":4},"end":{"line":39,"column":30}},"15":{"start":{"line":41,"column":4},"end":{"line":41,"column":30}},"16":{"start":{"line":45,"column":22},"end":{"line":45,"column":37}},"17":{"start":{"line":46,"column":17},"end":{"line":46,"column":19}},"18":{"start":{"line":47,"column":4},"end":{"line":50,"column":5}},"19":{"start":{"line":48,"column":6},"end":{"line":48,"column":53}},"20":{"start":{"line":49,"column":6},"end":{"line":49,"column":37}},"21":{"start":{"line":51,"column":4},"end":{"line":51,"column":18}},"22":{"start":{"line":56,"column":4},"end":{"line":59,"column":5}},"23":{"start":{"line":57,"column":18},"end":{"line":57,"column":50}},"24":{"start":{"line":58,"column":6},"end":{"line":58,"column":34}},"25":{"start":{"line":60,"column":4},"end":{"line":60,"column":26}},"26":{"start":{"line":62,"column":4},"end":{"line":65,"column":5}},"27":{"start":{"line":63,"column":18},"end":{"line":63,"column":50}},"28":{"start":{"line":64,"column":6},"end":{"line":64,"column":34}},"29":{"start":{"line":66,"column":4},"end":{"line":66,"column":23}},"30":{"start":{"line":70,"column":4},"end":{"line":70,"column":22}},"31":{"start":{"line":71,"column":4},"end":{"line":71,"column":23}},"32":{"start":{"line":75,"column":0},"end":{"line":75,"column":46}}},"fnMap":{"0":{"name":"(anonymous_0)","decl":{"start":{"line":2,"column":2},"end":{"line":2,"column":3}},"loc":{"start":{"line":2,"column":34},"end":{"line":5,"column":3}},"line":2},"1":{"name":"(anonymous_1)","decl":{"start":{"line":9,"column":2},"end":{"line":9,"column":3}},"loc":{"start":{"line":9,"column":16},"end":{"line":11,"column":3}},"line":9},"2":{"name":"(anonymous_2)","decl":{"start":{"line":13,"column":2},"end":{"line":13,"column":3}},"loc":{"start":{"line":13,"column":14},"end":{"line":16,"column":3}},"line":13},"3":{"name":"(anonymous_3)","decl":{"start":{"line":18,"column":2},"end":{"line":18,"column":3}},"loc":{"start":{"line":18,"column":8},"end":{"line":24,"column":3}},"line":18},"4":{"name":"(anonymous_4)","decl":{"start":{"line":26,"column":2},"end":{"line":26,"column":3}},"loc":{"start":{"line":26,"column":9},"end":{"line":29,"column":3}},"line":26},"5":{"name":"(anonymous_5)","decl":{"start":{"line":31,"column":2},"end":{"line":31,"column":3}},"loc":{"start":{"line":31,"column":12},"end":{"line":33,"column":3}},"line":31},"6":{"name":"(anonymous_6)","decl":{"start":{"line":37,"column":2},"end":{"line":37,"column":3}},"loc":{"start":{"line":37,"column":16},"end":{"line":42,"column":3}},"line":37},"7":{"name":"(anonymous_7)","decl":{"start":{"line":44,"column":2},"end":{"line":44,"column":3}},"loc":{"start":{"line":44,"column":11},"end":{"line":52,"column":3}},"line":44},"8":{"name":"(anonymous_8)","decl":{"start":{"line":54,"column":2},"end":{"line":54,"column":3}},"loc":{"start":{"line":54,"column":15},"end":{"line":67,"column":3}},"line":54},"9":{"name":"(anonymous_9)","decl":{"start":{"line":69,"column":2},"end":{"line":69,"column":3}},"loc":{"start":{"line":69,"column":12},"end":{"line":72,"column":3}},"line":69}},"branchMap":{"0":{"loc":{"start":{"line":2,"column":21},"end":{"line":2,"column":32}},"type":"default-arg","locations":[{"start":{"line":2,"column":28},"end":{"line":2,"column":32}}],"line":2},"1":{"loc":{"start":{"line":19,"column":4},"end":{"line":19,"column":30}},"type":"if","locations":[{"start":{"line":19,"column":4},"end":{"line":19,"column":30}},{"start":{"line":19,"column":4},"end":{"line":19,"column":30}}],"line":19},"2":{"loc":{"start":{"line":27,"column":4},"end":{"line":27,"column":30}},"type":"if","locations":[{"start":{"line":27,"column":4},"end":{"line":27,"column":30}},{"start":{"line":27,"column":4},"end":{"line":27,"column":30}}],"line":27}},"s":{"0":17,"1":17,"2":6,"3":17,"4":17,"5":8,"6":0,"7":8,"8":8,"9":8,"10":0,"11":0,"12":0,"13":9,"14":3,"15":3,"16":3,"17":3,"18":3,"19":9,"20":9,"21":3,"22":1,"23":3,"24":3,"25":1,"26":1,"27":4,"28":4,"29":1,"30":1,"31":1,"32":1},"f":{"0":17,"1":6,"2":17,"3":8,"4":0,"5":9,"6":3,"7":3,"8":1,"9":1},"b":{"0":[0],"1":[0,8],"2":[0,0]},"_coverageSchema":"43e27e138ebf9cfc5966b082cf9a028302ed4184","hash":"b75e0d91f986361dc8fce455336c13fb8bead41c"}
}
