{"/Users/Tess/alchemy/career-track/code-challenges/data-structures-and-algorithms/Data-Structures/linkedList/linked-list.js": {"path":"/Users/Tess/alchemy/career-track/code-challenges/data-structures-and-algorithms/Data-Structures/linkedList/linked-list.js","statementMap":{"0":{"start":{"line":5,"column":4},"end":{"line":5,"column":23}},"1":{"start":{"line":6,"column":4},"end":{"line":6,"column":21}},"2":{"start":{"line":12,"column":4},"end":{"line":12,"column":21}},"3":{"start":{"line":13,"column":4},"end":{"line":13,"column":20}},"4":{"start":{"line":18,"column":20},"end":{"line":18,"column":46}},"5":{"start":{"line":20,"column":4},"end":{"line":20,"column":24}},"6":{"start":{"line":21,"column":4},"end":{"line":21,"column":18}},"7":{"start":{"line":25,"column":19},"end":{"line":25,"column":28}},"8":{"start":{"line":27,"column":4},"end":{"line":30,"column":5}},"9":{"start":{"line":28,"column":6},"end":{"line":28,"column":47}},"10":{"start":{"line":28,"column":35},"end":{"line":28,"column":47}},"11":{"start":{"line":29,"column":6},"end":{"line":29,"column":31}},"12":{"start":{"line":31,"column":4},"end":{"line":31,"column":17}},"13":{"start":{"line":35,"column":19},"end":{"line":35,"column":28}},"14":{"start":{"line":36,"column":25},"end":{"line":36,"column":27}},"15":{"start":{"line":37,"column":4},"end":{"line":44,"column":5}},"16":{"start":{"line":38,"column":6},"end":{"line":42,"column":7}},"17":{"start":{"line":39,"column":8},"end":{"line":39,"column":41}},"18":{"start":{"line":41,"column":8},"end":{"line":41,"column":50}},"19":{"start":{"line":43,"column":6},"end":{"line":43,"column":31}},"20":{"start":{"line":45,"column":4},"end":{"line":45,"column":26}},"21":{"start":{"line":62,"column":22},"end":{"line":62,"column":31}},"22":{"start":{"line":63,"column":20},"end":{"line":63,"column":41}},"23":{"start":{"line":65,"column":4},"end":{"line":65,"column":68}},"24":{"start":{"line":65,"column":37},"end":{"line":65,"column":68}},"25":{"start":{"line":66,"column":4},"end":{"line":66,"column":31}},"26":{"start":{"line":67,"column":4},"end":{"line":67,"column":18}},"27":{"start":{"line":75,"column":22},"end":{"line":75,"column":31}},"28":{"start":{"line":76,"column":19},"end":{"line":76,"column":28}},"29":{"start":{"line":78,"column":4},"end":{"line":89,"column":5}},"30":{"start":{"line":80,"column":6},"end":{"line":84,"column":7}},"31":{"start":{"line":82,"column":29},"end":{"line":82,"column":56}},"32":{"start":{"line":83,"column":8},"end":{"line":83,"column":37}},"33":{"start":{"line":86,"column":6},"end":{"line":86,"column":29}},"34":{"start":{"line":88,"column":6},"end":{"line":88,"column":37}},"35":{"start":{"line":95,"column":22},"end":{"line":95,"column":31}},"36":{"start":{"line":97,"column":4},"end":{"line":103,"column":5}},"37":{"start":{"line":98,"column":6},"end":{"line":101,"column":7}},"38":{"start":{"line":99,"column":29},"end":{"line":99,"column":56}},"39":{"start":{"line":100,"column":8},"end":{"line":100,"column":40}},"40":{"start":{"line":102,"column":6},"end":{"line":102,"column":37}},"41":{"start":{"line":107,"column":0},"end":{"line":107,"column":32}}},"fnMap":{"0":{"name":"(anonymous_0)","decl":{"start":{"line":4,"column":2},"end":{"line":4,"column":3}},"loc":{"start":{"line":4,"column":34},"end":{"line":7,"column":3}},"line":4},"1":{"name":"(anonymous_1)","decl":{"start":{"line":10,"column":2},"end":{"line":10,"column":3}},"loc":{"start":{"line":10,"column":16},"end":{"line":14,"column":3}},"line":10},"2":{"name":"(anonymous_2)","decl":{"start":{"line":16,"column":2},"end":{"line":16,"column":3}},"loc":{"start":{"line":16,"column":16},"end":{"line":22,"column":3}},"line":16},"3":{"name":"(anonymous_3)","decl":{"start":{"line":24,"column":2},"end":{"line":24,"column":3}},"loc":{"start":{"line":24,"column":18},"end":{"line":32,"column":3}},"line":24},"4":{"name":"(anonymous_4)","decl":{"start":{"line":34,"column":2},"end":{"line":34,"column":3}},"loc":{"start":{"line":34,"column":13},"end":{"line":46,"column":3}},"line":34},"5":{"name":"(anonymous_5)","decl":{"start":{"line":61,"column":2},"end":{"line":61,"column":3}},"loc":{"start":{"line":61,"column":16},"end":{"line":68,"column":3}},"line":61},"6":{"name":"(anonymous_6)","decl":{"start":{"line":73,"column":2},"end":{"line":73,"column":3}},"loc":{"start":{"line":73,"column":30},"end":{"line":91,"column":3}},"line":73},"7":{"name":"(anonymous_7)","decl":{"start":{"line":94,"column":2},"end":{"line":94,"column":3}},"loc":{"start":{"line":94,"column":29},"end":{"line":104,"column":3}},"line":94}},"branchMap":{"0":{"loc":{"start":{"line":4,"column":21},"end":{"line":4,"column":32}},"type":"default-arg","locations":[{"start":{"line":4,"column":28},"end":{"line":4,"column":32}}],"line":4},"1":{"loc":{"start":{"line":28,"column":6},"end":{"line":28,"column":47}},"type":"if","locations":[{"start":{"line":28,"column":6},"end":{"line":28,"column":47}},{"start":{"line":28,"column":6},"end":{"line":28,"column":47}}],"line":28},"2":{"loc":{"start":{"line":38,"column":6},"end":{"line":42,"column":7}},"type":"if","locations":[{"start":{"line":38,"column":6},"end":{"line":42,"column":7}},{"start":{"line":38,"column":6},"end":{"line":42,"column":7}}],"line":38},"3":{"loc":{"start":{"line":80,"column":6},"end":{"line":84,"column":7}},"type":"if","locations":[{"start":{"line":80,"column":6},"end":{"line":84,"column":7}},{"start":{"line":80,"column":6},"end":{"line":84,"column":7}}],"line":80},"4":{"loc":{"start":{"line":98,"column":6},"end":{"line":101,"column":7}},"type":"if","locations":[{"start":{"line":98,"column":6},"end":{"line":101,"column":7}},{"start":{"line":98,"column":6},"end":{"line":101,"column":7}}],"line":98}},"s":{"0":6,"1":6,"2":4,"3":4,"4":5,"5":5,"6":5,"7":2,"8":2,"9":4,"10":1,"11":3,"12":1,"13":1,"14":1,"15":1,"16":2,"17":1,"18":1,"19":2,"20":1,"21":1,"22":1,"23":1,"24":0,"25":1,"26":1,"27":0,"28":0,"29":0,"30":0,"31":0,"32":0,"33":0,"34":0,"35":0,"36":0,"37":0,"38":0,"39":0,"40":0,"41":1},"f":{"0":6,"1":4,"2":5,"3":2,"4":1,"5":1,"6":0,"7":0},"b":{"0":[0],"1":[1,3],"2":[1,1],"3":[0,0],"4":[0,0]},"_coverageSchema":"43e27e138ebf9cfc5966b082cf9a028302ed4184","hash":"f85691dad66d37f7c9601771e85645d7ded2a66b"}
,"/Users/Tess/alchemy/career-track/code-challenges/data-structures-and-algorithms/challenges/arrayBinarySearch/array-binary-search.js": {"path":"/Users/Tess/alchemy/career-track/code-challenges/data-structures-and-algorithms/challenges/arrayBinarySearch/array-binary-search.js","statementMap":{"0":{"start":{"line":11,"column":21},"end":{"line":25,"column":1}},"1":{"start":{"line":12,"column":14},"end":{"line":12,"column":15}},"2":{"start":{"line":12,"column":23},"end":{"line":12,"column":37}},"3":{"start":{"line":14,"column":2},"end":{"line":23,"column":3}},"4":{"start":{"line":15,"column":14},"end":{"line":15,"column":43}},"5":{"start":{"line":16,"column":4},"end":{"line":22,"column":5}},"6":{"start":{"line":16,"column":23},"end":{"line":16,"column":52}},"7":{"start":{"line":17,"column":9},"end":{"line":22,"column":5}},"8":{"start":{"line":18,"column":6},"end":{"line":18,"column":22}},"9":{"start":{"line":21,"column":6},"end":{"line":21,"column":20}},"10":{"start":{"line":24,"column":2},"end":{"line":24,"column":12}},"11":{"start":{"line":27,"column":0},"end":{"line":27,"column":34}}},"fnMap":{"0":{"name":"(anonymous_0)","decl":{"start":{"line":11,"column":21},"end":{"line":11,"column":22}},"loc":{"start":{"line":11,"column":33},"end":{"line":25,"column":1}},"line":11}},"branchMap":{"0":{"loc":{"start":{"line":16,"column":4},"end":{"line":22,"column":5}},"type":"if","locations":[{"start":{"line":16,"column":4},"end":{"line":22,"column":5}},{"start":{"line":16,"column":4},"end":{"line":22,"column":5}}],"line":16},"1":{"loc":{"start":{"line":17,"column":9},"end":{"line":22,"column":5}},"type":"if","locations":[{"start":{"line":17,"column":9},"end":{"line":22,"column":5}},{"start":{"line":17,"column":9},"end":{"line":22,"column":5}}],"line":17}},"s":{"0":1,"1":4,"2":4,"3":4,"4":8,"5":8,"6":3,"7":5,"8":4,"9":1,"10":1,"11":1},"f":{"0":4},"b":{"0":[3,5],"1":[4,1]},"_coverageSchema":"43e27e138ebf9cfc5966b082cf9a028302ed4184","hash":"94772392c23be136dab0537b03697945603f9435"}
,"/Users/Tess/alchemy/career-track/code-challenges/data-structures-and-algorithms/challenges/arrayReverse/array-reverse.js": {"path":"/Users/Tess/alchemy/career-track/code-challenges/data-structures-and-algorithms/challenges/arrayReverse/array-reverse.js","statementMap":{"0":{"start":{"line":1,"column":21},"end":{"line":7,"column":1}},"1":{"start":{"line":2,"column":17},"end":{"line":2,"column":19}},"2":{"start":{"line":3,"column":2},"end":{"line":5,"column":3}},"3":{"start":{"line":3,"column":14},"end":{"line":3,"column":15}},"4":{"start":{"line":4,"column":4},"end":{"line":4,"column":46}},"5":{"start":{"line":6,"column":2},"end":{"line":6,"column":18}},"6":{"start":{"line":9,"column":0},"end":{"line":9,"column":34}}},"fnMap":{"0":{"name":"(anonymous_0)","decl":{"start":{"line":1,"column":21},"end":{"line":1,"column":22}},"loc":{"start":{"line":1,"column":30},"end":{"line":7,"column":1}},"line":1}},"branchMap":{},"s":{"0":1,"1":2,"2":2,"3":2,"4":11,"5":2,"6":1},"f":{"0":2},"b":{},"_coverageSchema":"43e27e138ebf9cfc5966b082cf9a028302ed4184","hash":"cac528a98d08a18317db6954c5163521027912bf"}
,"/Users/Tess/alchemy/career-track/code-challenges/data-structures-and-algorithms/challenges/arrayShift/array-shift.js": {"path":"/Users/Tess/alchemy/career-track/code-challenges/data-structures-and-algorithms/challenges/arrayShift/array-shift.js","statementMap":{"0":{"start":{"line":1,"column":25},"end":{"line":17,"column":1}},"1":{"start":{"line":2,"column":22},"end":{"line":2,"column":55}},"2":{"start":{"line":3,"column":15},"end":{"line":3,"column":17}},"3":{"start":{"line":7,"column":2},"end":{"line":9,"column":3}},"4":{"start":{"line":7,"column":14},"end":{"line":7,"column":15}},"5":{"start":{"line":8,"column":4},"end":{"line":8,"column":25}},"6":{"start":{"line":11,"column":2},"end":{"line":11,"column":30}},"7":{"start":{"line":13,"column":2},"end":{"line":15,"column":3}},"8":{"start":{"line":14,"column":4},"end":{"line":14,"column":25}},"9":{"start":{"line":16,"column":2},"end":{"line":16,"column":16}},"10":{"start":{"line":19,"column":0},"end":{"line":19,"column":38}}},"fnMap":{"0":{"name":"(anonymous_0)","decl":{"start":{"line":1,"column":25},"end":{"line":1,"column":26}},"loc":{"start":{"line":1,"column":43},"end":{"line":17,"column":1}},"line":1}},"branchMap":{"0":{"loc":{"start":{"line":13,"column":23},"end":{"line":13,"column":58}},"type":"binary-expr","locations":[{"start":{"line":13,"column":23},"end":{"line":13,"column":38}},{"start":{"line":13,"column":42},"end":{"line":13,"column":58}}],"line":13}},"s":{"0":1,"1":1,"2":1,"3":1,"4":1,"5":2,"6":1,"7":1,"8":0,"9":1,"10":1},"f":{"0":1},"b":{"0":[1,0]},"_coverageSchema":"43e27e138ebf9cfc5966b082cf9a028302ed4184","hash":"603c23a48ab435b93d97ff945f6d8a3595b51d1e"}
,"/Users/Tess/alchemy/career-track/code-challenges/data-structures-and-algorithms/challenges/challenge-04/interview-02.js": {"path":"/Users/Tess/alchemy/career-track/code-challenges/data-structures-and-algorithms/challenges/challenge-04/interview-02.js","statementMap":{"0":{"start":{"line":1,"column":12},"end":{"line":4,"column":1}},"1":{"start":{"line":2,"column":2},"end":{"line":2,"column":22}},"2":{"start":{"line":2,"column":13},"end":{"line":2,"column":22}},"3":{"start":{"line":3,"column":2},"end":{"line":3,"column":33}},"4":{"start":{"line":6,"column":0},"end":{"line":6,"column":25}}},"fnMap":{"0":{"name":"(anonymous_0)","decl":{"start":{"line":1,"column":12},"end":{"line":1,"column":13}},"loc":{"start":{"line":1,"column":17},"end":{"line":4,"column":1}},"line":1}},"branchMap":{"0":{"loc":{"start":{"line":2,"column":2},"end":{"line":2,"column":22}},"type":"if","locations":[{"start":{"line":2,"column":2},"end":{"line":2,"column":22}},{"start":{"line":2,"column":2},"end":{"line":2,"column":22}}],"line":2}},"s":{"0":1,"1":4,"2":3,"3":1,"4":1},"f":{"0":4},"b":{"0":[3,1]},"_coverageSchema":"43e27e138ebf9cfc5966b082cf9a028302ed4184","hash":"b9380411be5afa6a475c256cc3ce9338aea93195"}
}
