TN:
SF:/Users/Tess/alchemy/career-track/code-challenges/data-structures-and-algorithms/challenges/arrayBinarySearch/array-binary-search.js
FN:11,(anonymous_0)
FNF:1
FNH:1
FNDA:4,(anonymous_0)
DA:11,1
DA:12,4
DA:14,4
DA:15,8
DA:16,8
DA:17,5
DA:18,4
DA:21,1
DA:24,1
DA:27,1
LF:10
LH:10
BRDA:16,0,0,3
BRDA:16,0,1,5
BRDA:17,1,0,4
BRDA:17,1,1,1
BRF:4
BRH:4
end_of_record
TN:
SF:/Users/Tess/alchemy/career-track/code-challenges/data-structures-and-algorithms/challenges/arrayReverse/array-reverse.js
FN:1,(anonymous_0)
FNF:1
FNH:1
FNDA:2,(anonymous_0)
DA:1,1
DA:2,2
DA:3,2
DA:4,11
DA:6,2
DA:9,1
LF:6
LH:6
BRF:0
BRH:0
end_of_record
TN:
SF:/Users/Tess/alchemy/career-track/code-challenges/data-structures-and-algorithms/challenges/arrayShift/array-shift.js
FN:1,(anonymous_0)
FNF:1
FNH:1
FNDA:1,(anonymous_0)
DA:1,1
DA:2,1
DA:3,1
DA:7,1
DA:8,2
DA:11,1
DA:13,1
DA:14,0
DA:16,1
DA:19,1
LF:10
LH:9
BRDA:13,0,0,1
BRDA:13,0,1,0
BRF:2
BRH:1
end_of_record
